sysmem_IMPORTS_start
I_AllocSysMemory
sysmem_IMPORTS_end

intrman_IMPORTS_start
I_RegisterIntrHandler
I_EnableIntr
I_DisableIntr
I_CpuEnableIntr
I_CpuSuspendIntr
I_CpuResumeIntr
intrman_IMPORTS_end

dmacman_IMPORTS_start
I_dmac_request
I_dmac_transfer
I_dmac_ch_get_chcr
dmacman_IMPORTS_end

thbase_IMPORTS_start
I_CreateThread
I_StartThread
I_ReleaseWaitThread
I_GetThreadId
I_SleepThread
I_WakeupThread
I_DelayThread
I_iSetAlarm
I_iCancelAlarm
I_USec2SysClock
thbase_IMPORTS_end

thevent_IMPORTS_start
I_CreateEventFlag
I_SetEventFlag
I_iSetEventFlag
I_ClearEventFlag
I_WaitEventFlag
I_PollEventFlag
thevent_IMPORTS_end

thsemap_IMPORTS_start
I_CreateSema
I_SignalSema
I_iSignalSema
I_WaitSema
thsemap_IMPORTS_end

sifman_IMPORTS_start
I_sceSifInit
I_sceSifSetDma
I_sceSifDmaStat
I_sceSifCheckInit
sifman_IMPORTS_end

sifcmd_IMPORTS_start
I_sceSifSetCmdBuffer
I_sceSifAddCmdHandler
I_sceSifSendCmd
I_isceSifSendCmd
I_sceSifInitRpc
I_sceSifRegisterRpc
I_sceSifSetRpcQueue
I_sceSifRpcLoop
sifcmd_IMPORTS_end

stdio_IMPORTS_start
I_printf
stdio_IMPORTS_end

sysclib_IMPORTS_start
I_memcpy
sysclib_IMPORTS_end

dev9_IMPORTS_start
I_dev9RegisterIntrCb
I_dev9DmaTransfer
I_dev9DmaTransferAsync
I_dev9IntrEnable
I_dev9IntrDisable
I_dev9LEDCtl
I_dev9RegisterPreDmaCb
I_dev9RegisterPostDmaCb
dev9_IMPORTS_end
