dev9_IMPORTS_start
I_dev9IntrEnable
I_dev9IntrDisable
I_dev9RegisterIntrCb
dev9_IMPORTS_end

dev9_dma_IMPORTS_start
I_dev9_dma_transfer
I_dev9_dma_client_init
dev9_dma_IMPORTS_end

intrman_IMPORTS_start
I_CpuSuspendIntr
I_CpuResumeIntr
I_DisableIntr
I_EnableIntr
I_CpuEnableIntr
intrman_IMPORTS_end

stdio_IMPORTS_start
I_printf
stdio_IMPORTS_end

sysclib_IMPORTS_start
I_memcpy
I_memset
sysclib_IMPORTS_end

thbase_IMPORTS_start
I_CreateThread
I_StartThread
I_DelayThread
I_SetAlarm
I_USec2SysClock
I_GetThreadId
thbase_IMPORTS_end

sifcmd_IMPORTS_start
I_sceSifInitRpc
I_sceSifSetRpcQueue
I_sceSifRegisterRpc
I_sceSifRpcLoop
I_sceSifAddCmdHandler
I_sceSifSendCmd
I_isceSifSendCmd
sifcmd_IMPORTS_end

sifman_IMPORTS_start
I_sceSifInit
I_sceSifSetDma
I_sceSifDmaStat
I_sceSifCheckInit
sifman_IMPORTS_end
