ioman_IMPORTS_start
I_open
I_close
I_AddDrv
I_DelDrv
ioman_IMPORTS_end

sifman_IMPORTS_start
I_sceSifInit
I_sceSifDmaStat
I_sceSifCheckInit
sifman_IMPORTS_end

sifcmd_IMPORTS_start
I_sceSifSendCmd
I_sceSifInitRpc
sifcmd_IMPORTS_end

stdio_IMPORTS_start
I_printf
stdio_IMPORTS_end

sysclib_IMPORTS_start
I_strncpy
sysclib_IMPORTS_end

thbase_IMPORTS_start
I_CreateThread
I_StartThread
I_DelayThread
thbase_IMPORTS_end

thsemap_IMPORTS_start
I_CreateSema
I_SignalSema
I_WaitSema
thsemap_IMPORTS_end
